2019-12-17 09:50:13.668  INFO 16200 --- [main] com.ciitc.server.WebBaseApplication      : Starting WebBaseApplication on DESKTOP-AONJOBV with PID 16200 (E:\work3\CAF-SERVER\target\classes started by BJ0039 in C:\Users\BJ0039\IdeaProjects\test)
2019-12-17 09:50:13.756 DEBUG 16200 --- [main] com.ciitc.server.WebBaseApplication      : Running with Spring Boot v2.1.3.RELEASE, Spring v5.1.5.RELEASE
2019-12-17 09:50:13.756  INFO 16200 --- [main] com.ciitc.server.WebBaseApplication      : The following profiles are active: dev
2019-12-17 09:50:16.927  INFO 16200 --- [main] .s.d.r.c.RepositoryConfigurationDelegate : Multiple Spring Data modules found, entering strict repository configuration mode!
2019-12-17 09:50:16.932  INFO 16200 --- [main] .s.d.r.c.RepositoryConfigurationDelegate : Bootstrapping Spring Data repositories in DEFAULT mode.
2019-12-17 09:50:17.299  INFO 16200 --- [main] .s.d.r.c.RepositoryConfigurationDelegate : Finished Spring Data repository scanning in 354ms. Found 1 repository interfaces.
2019-12-17 09:50:17.322  INFO 16200 --- [main] .s.d.r.c.RepositoryConfigurationDelegate : Multiple Spring Data modules found, entering strict repository configuration mode!
2019-12-17 09:50:17.324  INFO 16200 --- [main] .s.d.r.c.RepositoryConfigurationDelegate : Bootstrapping Spring Data repositories in DEFAULT mode.
2019-12-17 09:50:17.362  INFO 16200 --- [main] .RepositoryConfigurationExtensionSupport : Spring Data Redis - Could not safely identify store assignment for repository candidate interface com.ciitc.server.modules.sys.dao.PersonRepository.
2019-12-17 09:50:17.364  INFO 16200 --- [main] .s.d.r.c.RepositoryConfigurationDelegate : Finished Spring Data repository scanning in 28ms. Found 0 repository interfaces.
2019-12-17 09:50:17.968  INFO 16200 --- [main] ptablePropertiesBeanFactoryPostProcessor : Post-processing PropertySource instances
2019-12-17 09:50:18.034  INFO 16200 --- [main] c.u.j.EncryptablePropertySourceConverter : Converting PropertySource configurationProperties [org.springframework.boot.context.properties.source.ConfigurationPropertySourcesPropertySource] to AOP Proxy
2019-12-17 09:50:18.035  INFO 16200 --- [main] c.u.j.EncryptablePropertySourceConverter : Converting PropertySource servletConfigInitParams [org.springframework.core.env.PropertySource$StubPropertySource] to EncryptablePropertySourceWrapper
2019-12-17 09:50:18.035  INFO 16200 --- [main] c.u.j.EncryptablePropertySourceConverter : Converting PropertySource servletContextInitParams [org.springframework.core.env.PropertySource$StubPropertySource] to EncryptablePropertySourceWrapper
2019-12-17 09:50:18.035  INFO 16200 --- [main] c.u.j.EncryptablePropertySourceConverter : Converting PropertySource systemProperties [org.springframework.core.env.MapPropertySource] to EncryptableMapPropertySourceWrapper
2019-12-17 09:50:18.035  INFO 16200 --- [main] c.u.j.EncryptablePropertySourceConverter : Converting PropertySource systemEnvironment [org.springframework.boot.env.SystemEnvironmentPropertySourceEnvironmentPostProcessor$OriginAwareSystemEnvironmentPropertySource] to EncryptableMapPropertySourceWrapper
2019-12-17 09:50:18.035  INFO 16200 --- [main] c.u.j.EncryptablePropertySourceConverter : Converting PropertySource random [org.springframework.boot.env.RandomValuePropertySource] to EncryptablePropertySourceWrapper
2019-12-17 09:50:18.036  INFO 16200 --- [main] c.u.j.EncryptablePropertySourceConverter : Converting PropertySource applicationConfig: [classpath:/application-dev.yml] [org.springframework.boot.env.OriginTrackedMapPropertySource] to EncryptableMapPropertySourceWrapper
2019-12-17 09:50:18.036  INFO 16200 --- [main] c.u.j.EncryptablePropertySourceConverter : Converting PropertySource applicationConfig: [classpath:/application.yml] [org.springframework.boot.env.OriginTrackedMapPropertySource] to EncryptableMapPropertySourceWrapper
2019-12-17 09:50:18.067  INFO 16200 --- [main] trationDelegate$BeanPostProcessorChecker : Bean 'shiroConfig' of type [com.ciitc.server.common.config.ShiroConfig$$EnhancerBySpringCGLIB$$f476a8e2] is not eligible for getting processed by all BeanPostProcessors (for example: not eligible for auto-proxying)
2019-12-17 09:50:18.387  INFO 16200 --- [main] c.u.j.r.DefaultLazyPropertyResolver      : Property Resolver custom Bean not found with name 'encryptablePropertyResolver'. Initializing Default Property Resolver
2019-12-17 09:50:18.391  INFO 16200 --- [main] c.u.j.d.DefaultLazyPropertyDetector      : Property Detector custom Bean not found with name 'encryptablePropertyDetector'. Initializing Default Property Detector
2019-12-17 09:50:18.440  INFO 16200 --- [main] trationDelegate$BeanPostProcessorChecker : Bean 'mybatis-plus-com.baomidou.mybatisplus.autoconfigure.MybatisPlusProperties' of type [com.baomidou.mybatisplus.autoconfigure.MybatisPlusProperties] is not eligible for getting processed by all BeanPostProcessors (for example: not eligible for auto-proxying)
2019-12-17 09:50:18.447  INFO 16200 --- [main] trationDelegate$BeanPostProcessorChecker : Bean 'mybatisPlusConfig' of type [com.ciitc.server.common.config.MybatisPlusConfig$$EnhancerBySpringCGLIB$$80944fbe] is not eligible for getting processed by all BeanPostProcessors (for example: not eligible for auto-proxying)
2019-12-17 09:50:18.462  INFO 16200 --- [main] trationDelegate$BeanPostProcessorChecker : Bean 'paginationInterceptor' of type [com.baomidou.mybatisplus.extension.plugins.PaginationInterceptor] is not eligible for getting processed by all BeanPostProcessors (for example: not eligible for auto-proxying)
2019-12-17 09:50:18.473  INFO 16200 --- [main] trationDelegate$BeanPostProcessorChecker : Bean 'com.baomidou.mybatisplus.autoconfigure.MybatisPlusAutoConfiguration' of type [com.baomidou.mybatisplus.autoconfigure.MybatisPlusAutoConfiguration$$EnhancerBySpringCGLIB$$3c7f6e4f] is not eligible for getting processed by all BeanPostProcessors (for example: not eligible for auto-proxying)
2019-12-17 09:50:18.476  INFO 16200 --- [main] trationDelegate$BeanPostProcessorChecker : Bean 'com.alibaba.druid.spring.boot.autoconfigure.DruidDataSourceAutoConfigure' of type [com.alibaba.druid.spring.boot.autoconfigure.DruidDataSourceAutoConfigure$$EnhancerBySpringCGLIB$$1862f727] is not eligible for getting processed by all BeanPostProcessors (for example: not eligible for auto-proxying)
2019-12-17 09:50:18.480  INFO 16200 --- [main] c.a.d.s.b.a.DruidDataSourceAutoConfigure : Init DruidDataSource
2019-12-17 09:50:18.579  INFO 16200 --- [main] trationDelegate$BeanPostProcessorChecker : Bean 'spring.datasource-org.springframework.boot.autoconfigure.jdbc.DataSourceProperties' of type [org.springframework.boot.autoconfigure.jdbc.DataSourceProperties] is not eligible for getting processed by all BeanPostProcessors (for example: not eligible for auto-proxying)
2019-12-17 09:50:18.583  INFO 16200 --- [main] trationDelegate$BeanPostProcessorChecker : Bean 'com.alibaba.druid.spring.boot.autoconfigure.stat.DruidFilterConfiguration' of type [com.alibaba.druid.spring.boot.autoconfigure.stat.DruidFilterConfiguration] is not eligible for getting processed by all BeanPostProcessors (for example: not eligible for auto-proxying)
2019-12-17 09:50:18.639  INFO 16200 --- [main] trationDelegate$BeanPostProcessorChecker : Bean 'statFilter' of type [com.alibaba.druid.filter.stat.StatFilter] is not eligible for getting processed by all BeanPostProcessors (for example: not eligible for auto-proxying)
2019-12-17 09:50:19.227  INFO 16200 --- [main] com.alibaba.druid.pool.DruidDataSource   : {dataSource-1} inited
2019-12-17 09:50:19.227  INFO 16200 --- [main] trationDelegate$BeanPostProcessorChecker : Bean 'dataSource' of type [com.alibaba.druid.spring.boot.autoconfigure.DruidDataSourceWrapper] is not eligible for getting processed by all BeanPostProcessors (for example: not eligible for auto-proxying)
2019-12-17 09:50:19.246  INFO 16200 --- [main] trationDelegate$BeanPostProcessorChecker : Bean 'sqlInjector' of type [com.baomidou.mybatisplus.extension.injector.LogicSqlInjector] is not eligible for getting processed by all BeanPostProcessors (for example: not eligible for auto-proxying)
2019-12-17 09:50:20.243  INFO 16200 --- [main] trationDelegate$BeanPostProcessorChecker : Bean 'sqlSessionFactory' of type [org.apache.ibatis.session.defaults.DefaultSqlSessionFactory] is not eligible for getting processed by all BeanPostProcessors (for example: not eligible for auto-proxying)
2019-12-17 09:50:20.259  INFO 16200 --- [main] trationDelegate$BeanPostProcessorChecker : Bean 'sqlSessionTemplate' of type [org.mybatis.spring.SqlSessionTemplate] is not eligible for getting processed by all BeanPostProcessors (for example: not eligible for auto-proxying)
2019-12-17 09:50:20.261  INFO 16200 --- [main] trationDelegate$BeanPostProcessorChecker : Bean 'userDao' of type [org.mybatis.spring.mapper.MapperFactoryBean] is not eligible for getting processed by all BeanPostProcessors (for example: not eligible for auto-proxying)
2019-12-17 09:50:20.266  INFO 16200 --- [main] trationDelegate$BeanPostProcessorChecker : Bean 'userDao' of type [com.sun.proxy.$Proxy76] is not eligible for getting processed by all BeanPostProcessors (for example: not eligible for auto-proxying)
2019-12-17 09:50:20.268  INFO 16200 --- [main] trationDelegate$BeanPostProcessorChecker : Bean 'shiroRealm' of type [com.ciitc.server.modules.sys.manager.shiro.ShiroRealm] is not eligible for getting processed by all BeanPostProcessors (for example: not eligible for auto-proxying)
2019-12-17 09:50:20.293  INFO 16200 --- [main] trationDelegate$BeanPostProcessorChecker : Bean 'spring.redis-org.springframework.boot.autoconfigure.data.redis.RedisProperties' of type [org.springframework.boot.autoconfigure.data.redis.RedisProperties] is not eligible for getting processed by all BeanPostProcessors (for example: not eligible for auto-proxying)
2019-12-17 09:50:20.297  INFO 16200 --- [main] trationDelegate$BeanPostProcessorChecker : Bean 'org.springframework.boot.autoconfigure.data.redis.LettuceConnectionConfiguration' of type [org.springframework.boot.autoconfigure.data.redis.LettuceConnectionConfiguration$$EnhancerBySpringCGLIB$$13d0bfff] is not eligible for getting processed by all BeanPostProcessors (for example: not eligible for auto-proxying)
2019-12-17 09:50:20.490  INFO 16200 --- [main] trationDelegate$BeanPostProcessorChecker : Bean 'lettuceClientResources' of type [io.lettuce.core.resource.DefaultClientResources] is not eligible for getting processed by all BeanPostProcessors (for example: not eligible for auto-proxying)
2019-12-17 09:50:20.639  INFO 16200 --- [main] trationDelegate$BeanPostProcessorChecker : Bean 'redisConnectionFactory' of type [org.springframework.data.redis.connection.lettuce.LettuceConnectionFactory] is not eligible for getting processed by all BeanPostProcessors (for example: not eligible for auto-proxying)
2019-12-17 09:50:20.639  INFO 16200 --- [main] trationDelegate$BeanPostProcessorChecker : Bean 'redisConfig' of type [com.ciitc.server.common.config.RedisConfig$$EnhancerBySpringCGLIB$$3f45302c] is not eligible for getting processed by all BeanPostProcessors (for example: not eligible for auto-proxying)
2019-12-17 09:50:20.657  INFO 16200 --- [main] trationDelegate$BeanPostProcessorChecker : Bean 'redisTemplate' of type [org.springframework.data.redis.core.RedisTemplate] is not eligible for getting processed by all BeanPostProcessors (for example: not eligible for auto-proxying)
2019-12-17 09:50:20.665  INFO 16200 --- [main] trationDelegate$BeanPostProcessorChecker : Bean 'shiroJedisUtils' of type [com.ciitc.server.common.config.shiro.cache.ShiroJedisUtils] is not eligible for getting processed by all BeanPostProcessors (for example: not eligible for auto-proxying)
2019-12-17 09:50:20.668  INFO 16200 --- [main] trationDelegate$BeanPostProcessorChecker : Bean 'jwtProperties' of type [com.ciitc.server.common.config.shiro.security.JwtProperties] is not eligible for getting processed by all BeanPostProcessors (for example: not eligible for auto-proxying)
2019-12-17 09:50:20.668  INFO 16200 --- [main] trationDelegate$BeanPostProcessorChecker : Bean 'shiroCacheManager' of type [com.ciitc.server.common.config.shiro.cache.ShiroCacheManager] is not eligible for getting processed by all BeanPostProcessors (for example: not eligible for auto-proxying)
2019-12-17 09:50:22.250  INFO 16200 --- [main] trationDelegate$BeanPostProcessorChecker : Bean 'securityManager' of type [org.apache.shiro.web.mgt.DefaultWebSecurityManager] is not eligible for getting processed by all BeanPostProcessors (for example: not eligible for auto-proxying)
2019-12-17 09:50:22.263  INFO 16200 --- [main] trationDelegate$BeanPostProcessorChecker : Bean 'getShiroFilterProperties' of type [com.ciitc.server.common.config.shiro.security.ShiroFilterProperties] is not eligible for getting processed by all BeanPostProcessors (for example: not eligible for auto-proxying)
2019-12-17 09:50:22.319  INFO 16200 --- [main] trationDelegate$BeanPostProcessorChecker : Bean 'authorizationAttributeSourceAdvisor' of type [org.apache.shiro.spring.security.interceptor.AuthorizationAttributeSourceAdvisor] is not eligible for getting processed by all BeanPostProcessors (for example: not eligible for auto-proxying)
2019-12-17 09:50:22.381  INFO 16200 --- [main] trationDelegate$BeanPostProcessorChecker : Bean 'org.springframework.transaction.annotation.ProxyTransactionManagementConfiguration' of type [org.springframework.transaction.annotation.ProxyTransactionManagementConfiguration$$EnhancerBySpringCGLIB$$feb701b5] is not eligible for getting processed by all BeanPostProcessors (for example: not eligible for auto-proxying)
2019-12-17 09:50:23.163  INFO 16200 --- [main] o.s.b.w.embedded.tomcat.TomcatWebServer  : Tomcat initialized with port(s): 80 (http)
2019-12-17 09:50:23.210  INFO 16200 --- [main] o.apache.catalina.core.StandardService   : Starting service [Tomcat]
2019-12-17 09:50:23.210  INFO 16200 --- [main] org.apache.catalina.core.StandardEngine  : Starting Servlet engine: [Apache Tomcat/9.0.16]
2019-12-17 09:50:23.223  INFO 16200 --- [main] o.a.catalina.core.AprLifecycleListener   : The APR based Apache Tomcat Native library which allows optimal performance in production environments was not found on the java.library.path: [C:\Program Files\Java\jdk1.8.0_231\bin;C:\Windows\Sun\Java\bin;C:\Windows\system32;C:\Windows;D:\apache-maven-3.6.2\bin;D:\mysql-8.0.18-winx64\bin;C:\Program Files (x86)\Common Files\Oracle\Java\javapath;C:\ProgramData\DockerDesktop\version-bin;C:\Program Files\Docker\Docker\Resources\bin;%JAVA_HOME%\bin;C:\Windows\system32;C:\Windows;C:\Windows\System32\Wbem;C:\Windows\System32\WindowsPowerShell\v1.0\;C:\Windows\System32\OpenSSH\;D:\Git\cmd;D:\bin;D:\node\;C:\Program Files\Java\jdk1.8.0_231\bin;C:\Users\BJ0039\AppData\Local\Microsoft\WindowsApps;C:\Users\BJ0039\AppData\Roaming\npm;.]
2019-12-17 09:50:23.617  INFO 16200 --- [main] o.a.c.c.C.[.[localhost].[/web/server]    : Initializing Spring embedded WebApplicationContext
2019-12-17 09:50:23.617  INFO 16200 --- [main] o.s.web.context.ContextLoader            : Root WebApplicationContext: initialization completed in 9747 ms
2019-12-17 09:50:23.836  INFO 16200 --- [main] org.dozer.config.GlobalSettings          : Trying to find Dozer configuration file: dozer.properties
2019-12-17 09:50:23.846  WARN 16200 --- [main] org.dozer.config.GlobalSettings          : Dozer configuration file not found: dozer.properties.  Using defaults for all Dozer global properties.
2019-12-17 09:50:23.849  INFO 16200 --- [main] org.dozer.DozerInitializer               : Initializing Dozer. Version: 5.5.0, Thread Name: main
2019-12-17 09:50:23.853  INFO 16200 --- [main] org.dozer.jmx.JMXPlatformImpl            : Dozer JMX MBean [org.dozer.jmx:type=DozerStatisticsController] auto registered with the Platform MBean Server
2019-12-17 09:50:23.855  INFO 16200 --- [main] org.dozer.jmx.JMXPlatformImpl            : Dozer JMX MBean [org.dozer.jmx:type=DozerAdminController] auto registered with the Platform MBean Server
2019-12-17 09:50:23.856  INFO 16200 --- [main] org.dozer.DozerBeanMapper                : Initializing a new instance of dozer bean mapper.
2019-12-17 09:50:24.274  INFO 16200 --- [main] f.a.AutowiredAnnotationBeanPostProcessor : Autowired annotation is not supported on static fields: private static com.ciitc.server.common.config.shiro.security.JwtUtil com.ciitc.server.common.config.shiro.security.JwtUtil.jwtUtil
2019-12-17 09:50:24.516  INFO 16200 --- [main] org.quartz.impl.StdSchedulerFactory      : Using default implementation for ThreadExecutor
2019-12-17 09:50:24.552  INFO 16200 --- [main] org.quartz.core.SchedulerSignalerImpl    : Initialized Scheduler Signaller of type: class org.quartz.core.SchedulerSignalerImpl
2019-12-17 09:50:24.552  INFO 16200 --- [main] org.quartz.core.QuartzScheduler          : Quartz Scheduler v.2.3.1 created.
2019-12-17 09:50:24.561  INFO 16200 --- [main] o.s.s.quartz.LocalDataSourceJobStore     : Using db table-based data access locking (synchronization).
2019-12-17 09:50:24.566  INFO 16200 --- [main] o.s.s.quartz.LocalDataSourceJobStore     : JobStoreCMT initialized.
2019-12-17 09:50:24.567  INFO 16200 --- [main] org.quartz.core.QuartzScheduler          : Scheduler meta-data: Quartz Scheduler (v2.3.1) 'FrameworkScheduler' with instanceId 'DESKTOP-AONJOBV1576547424523'
  Scheduler class: 'org.quartz.core.QuartzScheduler' - running locally.
  NOT STARTED.
  Currently in standby mode.
  Number of jobs executed: 0
  Using thread pool 'org.quartz.simpl.SimpleThreadPool' - with 20 threads.
  Using job-store 'org.springframework.scheduling.quartz.LocalDataSourceJobStore' - which supports persistence. and is clustered.

2019-12-17 09:50:24.568  INFO 16200 --- [main] org.quartz.impl.StdSchedulerFactory      : Quartz scheduler 'FrameworkScheduler' initialized from an externally provided properties instance.
2019-12-17 09:50:24.568  INFO 16200 --- [main] org.quartz.impl.StdSchedulerFactory      : Quartz scheduler version: 2.3.1
2019-12-17 09:50:24.571  INFO 16200 --- [main] org.quartz.core.QuartzScheduler          : JobFactory set to: org.springframework.scheduling.quartz.AdaptableJobFactory@3e12c5de
2019-12-17 09:50:24.699 DEBUG 16200 --- [main] c.c.s.m.j.dao.ScheduleJobDao.selectList  : ==>  Preparing: SELECT id,bean_name,method_name,params,cron_expression,status,remark,gmt_create,gmt_modified FROM schedule_job 
2019-12-17 09:50:24.736 DEBUG 16200 --- [main] c.c.s.m.j.dao.ScheduleJobDao.selectList  : ==> Parameters: 
2019-12-17 09:50:24.849 DEBUG 16200 --- [main] c.c.s.m.j.dao.ScheduleJobDao.selectList  : <==      Total: 1
2019-12-17 09:50:27.283  INFO 16200 --- [main] o.elasticsearch.plugins.PluginsService   : no modules loaded
2019-12-17 09:50:27.284  INFO 16200 --- [main] o.elasticsearch.plugins.PluginsService   : loaded plugin [org.elasticsearch.index.reindex.ReindexPlugin]
2019-12-17 09:50:27.284  INFO 16200 --- [main] o.elasticsearch.plugins.PluginsService   : loaded plugin [org.elasticsearch.join.ParentJoinPlugin]
2019-12-17 09:50:27.284  INFO 16200 --- [main] o.elasticsearch.plugins.PluginsService   : loaded plugin [org.elasticsearch.percolator.PercolatorPlugin]
2019-12-17 09:50:27.285  INFO 16200 --- [main] o.elasticsearch.plugins.PluginsService   : loaded plugin [org.elasticsearch.script.mustache.MustachePlugin]
2019-12-17 09:50:27.285  INFO 16200 --- [main] o.elasticsearch.plugins.PluginsService   : loaded plugin [org.elasticsearch.transport.Netty4Plugin]
2019-12-17 09:50:30.137  INFO 16200 --- [main] o.s.d.e.c.TransportClientFactoryBean     : Adding transport node : 127.0.0.1:9300
2019-12-17 09:50:33.418  WARN 16200 --- [main] ion$DefaultTemplateResolverConfiguration : Cannot find template location: classpath:/templates/ (please add some templates or check your Thymeleaf configuration)
2019-12-17 09:50:33.644  INFO 16200 --- [main] o.s.s.quartz.SchedulerFactoryBean        : Will start Quartz Scheduler [FrameworkScheduler] in 30 seconds
2019-12-17 09:50:33.685  INFO 16200 --- [main] o.s.b.w.embedded.tomcat.TomcatWebServer  : Tomcat started on port(s): 80 (http) with context path '/web/server'
2019-12-17 09:50:33.688  INFO 16200 --- [main] com.ciitc.server.WebBaseApplication      : Started WebBaseApplication in 21.179 seconds (JVM running for 23.043)
2019-12-17 09:51:03.647  INFO 16200 --- [Quartz Scheduler [FrameworkScheduler]] o.s.s.quartz.SchedulerFactoryBean        : Starting Quartz Scheduler now, after delay of 30 seconds
2019-12-17 09:51:03.679  INFO 16200 --- [Quartz Scheduler [FrameworkScheduler]] o.s.s.quartz.LocalDataSourceJobStore     : ClusterManager: detected 1 failed or restarted instances.
2019-12-17 09:51:03.679  INFO 16200 --- [Quartz Scheduler [FrameworkScheduler]] o.s.s.quartz.LocalDataSourceJobStore     : ClusterManager: Scanning for instance "DESKTOP-AONJOBV1576224689924"'s failed in-progress jobs.
2019-12-17 09:51:03.687  INFO 16200 --- [Quartz Scheduler [FrameworkScheduler]] org.quartz.core.QuartzScheduler          : Scheduler FrameworkScheduler_$_DESKTOP-AONJOBV1576547424523 started.
2019-12-17 09:52:34.967  INFO 16200 --- [http-nio-80-exec-1] o.a.c.c.C.[.[localhost].[/web/server]    : Initializing Spring DispatcherServlet 'dispatcherServlet'
2019-12-17 09:52:34.967  INFO 16200 --- [http-nio-80-exec-1] o.s.web.servlet.DispatcherServlet        : Initializing Servlet 'dispatcherServlet'
2019-12-17 09:52:35.212  INFO 16200 --- [http-nio-80-exec-1] o.s.web.servlet.DispatcherServlet        : Completed initialization in 245 ms
2019-12-17 09:53:21.322 DEBUG 16200 --- [http-nio-80-exec-4] c.c.s.m.s.dao.UserDao.selectByUsername   : ==>  Preparing: select * from tb_user WHERE username = ? 
2019-12-17 09:53:21.324 DEBUG 16200 --- [http-nio-80-exec-4] c.c.s.m.s.dao.UserDao.selectByUsername   : ==> Parameters: admin(String)
2019-12-17 09:53:21.356 DEBUG 16200 --- [http-nio-80-exec-4] c.c.s.m.s.dao.UserDao.selectByUsername   : <==      Total: 1
2019-12-17 09:53:22.007  INFO 16200 --- [http-nio-80-exec-4] io.lettuce.core.EpollProvider            : Starting without optional epoll library
2019-12-17 09:53:22.010  INFO 16200 --- [http-nio-80-exec-4] io.lettuce.core.KqueueProvider           : Starting without optional kqueue library
2019-12-17 09:53:22.586 DEBUG 16200 --- [http-nio-80-exec-4] c.c.s.m.s.dao.TokenDao.selectByTokenId   : ==>  Preparing: select * from tb_token WHERE ID = ? 
2019-12-17 09:53:22.587 DEBUG 16200 --- [http-nio-80-exec-4] c.c.s.m.s.dao.TokenDao.selectByTokenId   : ==> Parameters: 9dc2a05e77f44b90b4e97df96c653e43(String)
2019-12-17 09:53:22.598 DEBUG 16200 --- [http-nio-80-exec-4] c.c.s.m.s.dao.TokenDao.selectByTokenId   : <==      Total: 1
2019-12-17 09:53:22.604 DEBUG 16200 --- [http-nio-80-exec-4] c.c.s.m.sys.dao.TokenDao.updateById      : ==>  Preparing: UPDATE tb_token SET id=?, token=?, gmt_modified=? WHERE auto_id=? 
2019-12-17 09:53:22.605 DEBUG 16200 --- [http-nio-80-exec-4] c.c.s.m.sys.dao.TokenDao.updateById      : ==> Parameters: 9dc2a05e77f44b90b4e97df96c653e43(String), a29c796cd9844c1691bd77c91a031b92(String), 2019-12-17 09:53:22.599(Timestamp), 1(Long)
2019-12-17 09:53:22.611 DEBUG 16200 --- [http-nio-80-exec-4] c.c.s.m.sys.dao.TokenDao.updateById      : <==    Updates: 1
2019-12-17 09:53:22.755 DEBUG 16200 --- [http-nio-80-exec-5] c.c.s.modules.sys.dao.UserDao.selectOne  : ==>  Preparing: SELECT auto_id,id,username,password,status,init_password,email,mobile,gmt_create,gmt_modified,del_flag,init_password_status FROM tb_user WHERE del_flag=0 AND username = ? 
2019-12-17 09:53:22.756 DEBUG 16200 --- [http-nio-80-exec-5] c.c.s.modules.sys.dao.UserDao.selectOne  : ==> Parameters: admin(String)
2019-12-17 09:53:22.758 DEBUG 16200 --- [http-nio-80-exec-5] c.c.s.modules.sys.dao.UserDao.selectOne  : <==      Total: 1
2019-12-17 09:53:22.803 DEBUG 16200 --- [http-nio-80-exec-5] c.c.s.m.s.d.UserRoleDao.queryRoleIdList  : ==>  Preparing: select ROLE_ID from tb_user_role where USER_ID = ? and DEL_FLAG = 0 and STATUS = 1 
2019-12-17 09:53:22.803 DEBUG 16200 --- [http-nio-80-exec-5] c.c.s.m.s.d.UserRoleDao.queryRoleIdList  : ==> Parameters: 9dc2a05e77f44b90b4e97df96c653e43(String)
2019-12-17 09:53:22.812 DEBUG 16200 --- [http-nio-80-exec-5] c.c.s.m.s.d.UserRoleDao.queryRoleIdList  : <==      Total: 1
2019-12-17 09:53:22.834 DEBUG 16200 --- [http-nio-80-exec-5] c.c.s.m.sys.dao.RoleDao.selectById       : ==>  Preparing: SELECT id,name,remark,status,gmt_create,gmt_modified,del_flag FROM tb_role WHERE id=? AND del_flag=0 
2019-12-17 09:53:22.835 DEBUG 16200 --- [http-nio-80-exec-5] c.c.s.m.sys.dao.RoleDao.selectById       : ==> Parameters: 5658457116644099343(String)
2019-12-17 09:53:22.846 DEBUG 16200 --- [http-nio-80-exec-5] c.c.s.m.sys.dao.RoleDao.selectById       : <==      Total: 1
2019-12-17 09:53:22.897 DEBUG 16200 --- [http-nio-80-exec-5] c.c.s.m.sys.dao.UserDao.queryAllMenuId   : ==>  Preparing: select distinct rm.MENU_ID from tb_user_role ur LEFT JOIN tb_role_menu rm on ur.ROLE_ID = rm.ROLE_ID where ur.USER_ID = ? and ur.STATUS = 1 and ur.DEL_FLAG = 0 and rm.DEL_FLAG = 0 and rm.STATUS = 1 
2019-12-17 09:53:22.898 DEBUG 16200 --- [http-nio-80-exec-5] c.c.s.m.sys.dao.UserDao.queryAllMenuId   : ==> Parameters: 9dc2a05e77f44b90b4e97df96c653e43(String)
2019-12-17 09:53:22.914 DEBUG 16200 --- [http-nio-80-exec-5] c.c.s.m.sys.dao.UserDao.queryAllMenuId   : <==      Total: 51
2019-12-17 09:53:22.918 DEBUG 16200 --- [http-nio-80-exec-5] c.c.s.m.s.d.M.queryAllSonByParentId      : ==>  Preparing: select * from tb_menu where PARENT_ID = ? and DEL_FLAG = 0 order by ORDER_NUM asc 
2019-12-17 09:53:22.919 DEBUG 16200 --- [http-nio-80-exec-5] c.c.s.m.s.d.M.queryAllSonByParentId      : ==> Parameters: 7469791198611390923(String)
2019-12-17 09:53:22.930 DEBUG 16200 --- [http-nio-80-exec-5] c.c.s.m.s.d.M.queryAllSonByParentId      : <==      Total: 2
2019-12-17 09:53:22.951 DEBUG 16200 --- [http-nio-80-exec-5] c.c.s.m.s.d.M.queryAllSonByParentId      : ==>  Preparing: select * from tb_menu where PARENT_ID = ? and DEL_FLAG = 0 order by ORDER_NUM asc 
2019-12-17 09:53:22.951 DEBUG 16200 --- [http-nio-80-exec-5] c.c.s.m.s.d.M.queryAllSonByParentId      : ==> Parameters: c729589eab764280ac5b7db4fceb21c3(String)
2019-12-17 09:53:22.953 DEBUG 16200 --- [http-nio-80-exec-5] c.c.s.m.s.d.M.queryAllSonByParentId      : <==      Total: 3
2019-12-17 09:53:22.955 DEBUG 16200 --- [http-nio-80-exec-5] c.c.s.m.s.d.M.queryAllSonByParentId      : ==>  Preparing: select * from tb_menu where PARENT_ID = ? and DEL_FLAG = 0 order by ORDER_NUM asc 
2019-12-17 09:53:22.956 DEBUG 16200 --- [http-nio-80-exec-5] c.c.s.m.s.d.M.queryAllSonByParentId      : ==> Parameters: 4a4cbb43086a454787c8375e9419d098(String)
2019-12-17 09:53:22.963 DEBUG 16200 --- [http-nio-80-exec-5] c.c.s.m.s.d.M.queryAllSonByParentId      : <==      Total: 11
2019-12-17 09:53:22.966 DEBUG 16200 --- [http-nio-80-exec-5] c.c.s.m.s.d.M.queryAllSonByParentId      : ==>  Preparing: select * from tb_menu where PARENT_ID = ? and DEL_FLAG = 0 order by ORDER_NUM asc 
2019-12-17 09:53:22.967 DEBUG 16200 --- [http-nio-80-exec-5] c.c.s.m.s.d.M.queryAllSonByParentId      : ==> Parameters: 3242502792b842499a5a448105bb1ebe(String)
2019-12-17 09:53:22.970 DEBUG 16200 --- [http-nio-80-exec-5] c.c.s.m.s.d.M.queryAllSonByParentId      : <==      Total: 4
2019-12-17 09:53:22.972 DEBUG 16200 --- [http-nio-80-exec-5] c.c.s.m.s.d.M.queryAllSonByParentId      : ==>  Preparing: select * from tb_menu where PARENT_ID = ? and DEL_FLAG = 0 order by ORDER_NUM asc 
2019-12-17 09:53:22.973 DEBUG 16200 --- [http-nio-80-exec-5] c.c.s.m.s.d.M.queryAllSonByParentId      : ==> Parameters: 68ec7093621543b39c461365352e3900(String)
2019-12-17 09:53:22.974 DEBUG 16200 --- [http-nio-80-exec-5] c.c.s.m.s.d.M.queryAllSonByParentId      : <==      Total: 1
2019-12-17 09:53:22.978 DEBUG 16200 --- [http-nio-80-exec-5] c.c.s.m.s.d.M.queryAllSonByParentId      : ==>  Preparing: select * from tb_menu where PARENT_ID = ? and DEL_FLAG = 0 order by ORDER_NUM asc 
2019-12-17 09:53:22.978 DEBUG 16200 --- [http-nio-80-exec-5] c.c.s.m.s.d.M.queryAllSonByParentId      : ==> Parameters: 07a2c81fc247493ca65dbe81dfc033f0(String)
2019-12-17 09:53:22.980 DEBUG 16200 --- [http-nio-80-exec-5] c.c.s.m.s.d.M.queryAllSonByParentId      : <==      Total: 4
2019-12-17 09:53:22.987 DEBUG 16200 --- [http-nio-80-exec-5] c.c.s.m.s.d.M.queryAllSonByParentId      : ==>  Preparing: select * from tb_menu where PARENT_ID = ? and DEL_FLAG = 0 order by ORDER_NUM asc 
2019-12-17 09:53:22.987 DEBUG 16200 --- [http-nio-80-exec-5] c.c.s.m.s.d.M.queryAllSonByParentId      : ==> Parameters: df734137b6c84e0084a17b0ba8919629(String)
2019-12-17 09:53:22.989 DEBUG 16200 --- [http-nio-80-exec-5] c.c.s.m.s.d.M.queryAllSonByParentId      : <==      Total: 3
2019-12-17 09:53:22.994 DEBUG 16200 --- [http-nio-80-exec-5] c.c.s.m.s.d.M.queryAllSonByParentId      : ==>  Preparing: select * from tb_menu where PARENT_ID = ? and DEL_FLAG = 0 order by ORDER_NUM asc 
2019-12-17 09:53:22.995 DEBUG 16200 --- [http-nio-80-exec-5] c.c.s.m.s.d.M.queryAllSonByParentId      : ==> Parameters: 6c70e55f654745779bcddbce1789d5da(String)
2019-12-17 09:53:22.998 DEBUG 16200 --- [http-nio-80-exec-5] c.c.s.m.s.d.M.queryAllSonByParentId      : <==      Total: 3
2019-12-17 09:53:23.003 DEBUG 16200 --- [http-nio-80-exec-5] c.c.s.m.s.d.M.queryAllSonByParentId      : ==>  Preparing: select * from tb_menu where PARENT_ID = ? and DEL_FLAG = 0 order by ORDER_NUM asc 
2019-12-17 09:53:23.003 DEBUG 16200 --- [http-nio-80-exec-5] c.c.s.m.s.d.M.queryAllSonByParentId      : ==> Parameters: 5fe7773fb4b04efda2de39719e3fe76e(String)
2019-12-17 09:53:23.008 DEBUG 16200 --- [http-nio-80-exec-5] c.c.s.m.s.d.M.queryAllSonByParentId      : <==      Total: 4
2019-12-17 09:53:23.013 DEBUG 16200 --- [http-nio-80-exec-5] c.c.s.m.s.d.M.queryAllSonByParentId      : ==>  Preparing: select * from tb_menu where PARENT_ID = ? and DEL_FLAG = 0 order by ORDER_NUM asc 
2019-12-17 09:53:23.013 DEBUG 16200 --- [http-nio-80-exec-5] c.c.s.m.s.d.M.queryAllSonByParentId      : ==> Parameters: 6cad10c2129a4ecd9e253fa3ad6b0a6e(String)
2019-12-17 09:53:23.017 DEBUG 16200 --- [http-nio-80-exec-5] c.c.s.m.s.d.M.queryAllSonByParentId      : <==      Total: 4
2019-12-17 09:53:23.021 DEBUG 16200 --- [http-nio-80-exec-5] c.c.s.m.s.d.M.queryAllSonByParentId      : ==>  Preparing: select * from tb_menu where PARENT_ID = ? and DEL_FLAG = 0 order by ORDER_NUM asc 
2019-12-17 09:53:23.021 DEBUG 16200 --- [http-nio-80-exec-5] c.c.s.m.s.d.M.queryAllSonByParentId      : ==> Parameters: d68eec03b71447b3b7e5b54c01ab77a1(String)
2019-12-17 09:53:23.024 DEBUG 16200 --- [http-nio-80-exec-5] c.c.s.m.s.d.M.queryAllSonByParentId      : <==      Total: 7
2019-12-17 09:53:23.028 DEBUG 16200 --- [http-nio-80-exec-5] c.c.s.m.s.d.M.queryAllSonByParentId      : ==>  Preparing: select * from tb_menu where PARENT_ID = ? and DEL_FLAG = 0 order by ORDER_NUM asc 
2019-12-17 09:53:23.029 DEBUG 16200 --- [http-nio-80-exec-5] c.c.s.m.s.d.M.queryAllSonByParentId      : ==> Parameters: b9f8e2c1f5a64574aa84f5375c7b954e(String)
2019-12-17 09:53:23.032 DEBUG 16200 --- [http-nio-80-exec-5] c.c.s.m.s.d.M.queryAllSonByParentId      : <==      Total: 3
2019-12-17 09:53:23.036 DEBUG 16200 --- [http-nio-80-exec-5] c.c.s.m.s.d.M.queryAllSonByParentId      : ==>  Preparing: select * from tb_menu where PARENT_ID = ? and DEL_FLAG = 0 order by ORDER_NUM asc 
2019-12-17 09:53:23.037 DEBUG 16200 --- [http-nio-80-exec-5] c.c.s.m.s.d.M.queryAllSonByParentId      : ==> Parameters: f99245744c7f4bb9bb794a6e4b61e5e5(String)
2019-12-17 09:53:23.039 DEBUG 16200 --- [http-nio-80-exec-5] c.c.s.m.s.d.M.queryAllSonByParentId      : <==      Total: 3
2019-12-17 09:53:27.143  INFO 16200 --- [http-nio-80-exec-8] c.c.s.m.sys.manager.shiro.ShiroRealm     : ##################执行Shiro权限认证##################
2019-12-17 09:53:27.149 DEBUG 16200 --- [http-nio-80-exec-8] c.c.s.m.sys.dao.UserDao.queryAllPerms    : ==>  Preparing: select m.perms from tb_user_role ur LEFT JOIN tb_role_menu rm on ur.ROLE_ID = rm.ROLE_ID LEFT JOIN tb_menu m on rm.MENU_ID = m.id where ur.USER_ID = ? and ur.STATUS = 1 and ur.DEL_FLAG = 0 and rm.DEL_FLAG = 0 and rm.STATUS = 1 and m.DEL_FLAG = 0 and m.STATUS = 1 
2019-12-17 09:53:27.151 DEBUG 16200 --- [http-nio-80-exec-8] c.c.s.m.sys.dao.UserDao.queryAllPerms    : ==> Parameters: 9dc2a05e77f44b90b4e97df96c653e43(String)
2019-12-17 09:53:27.154 DEBUG 16200 --- [http-nio-80-exec-8] c.c.s.m.sys.dao.UserDao.queryAllPerms    : <==      Total: 51
2019-12-17 09:53:27.307 DEBUG 16200 --- [http-nio-80-exec-8] c.c.s.m.sys.dao.StudentDao.selectPage    : ==>  Preparing: SELECT COUNT(1) FROM tb_student 
2019-12-17 09:53:27.307 DEBUG 16200 --- [http-nio-80-exec-8] c.c.s.m.sys.dao.StudentDao.selectPage    : ==> Parameters: 
2019-12-17 09:53:27.335 DEBUG 16200 --- [http-nio-80-exec-8] c.c.s.m.sys.dao.StudentDao.selectPage    : ==>  Preparing: SELECT id,name,age FROM tb_student LIMIT ?,? 
2019-12-17 09:53:27.336 DEBUG 16200 --- [http-nio-80-exec-8] c.c.s.m.sys.dao.StudentDao.selectPage    : ==> Parameters: 0(Long), 10(Long)
2019-12-17 09:53:27.337 DEBUG 16200 --- [http-nio-80-exec-8] c.c.s.m.sys.dao.StudentDao.selectPage    : <==      Total: 6
